Symfony\Component\DependencyInjection\Compiler\ResolveChildDefinitionsPass: Resolving inheritance for "monolog.logger" (parent: monolog.logger_prototype).
Symfony\Component\DependencyInjection\Compiler\ResolveChildDefinitionsPass: Resolving inheritance for "oneup_flysystem.compiler_adapter_adapter" (parent: oneup_flysystem.adapter.local).
Symfony\Component\DependencyInjection\Compiler\ResolveChildDefinitionsPass: Resolving inheritance for "oneup_flysystem.compiler_local_filesystem" (parent: oneup_flysystem.filesystem).
Symfony\Component\DependencyInjection\Compiler\ResolveChildDefinitionsPass: Resolving inheritance for "monolog.logger.zephir" (parent: monolog.logger_prototype).
Symfony\Component\DependencyInjection\Compiler\AutowirePass: Cannot autowire service "Zephir\ConfigException": argument "$previous" of method "__construct()" references class "Exception" but no such service exists. You should maybe alias this class to one of these existing services: "Zephir\ConfigException", "Zephir\Exception", "Zephir\Exception\BadMethodCallException", "Zephir\Exception\CompilerException", "Zephir\Exception\ContainerException", "Zephir\Exception\FileSystemException", "Zephir\Exception\IllegalOperationException", "Zephir\Exception\IllegalStateException", "Zephir\Exception\InvalidArgumentException", "Zephir\Exception\InvalidCallException", "Zephir\Exception\InvalidTypeException", "Zephir\Exception\LogicException", "Zephir\Exception\NotImplementedException", "Zephir\Exception\OutOfBoundsException", "Zephir\Exception\ParseException", "Zephir\Exception\RuntimeException", "Zephir\Exception\UnknownPropertyException", "Zephir\Exception\ValidationException".
Symfony\Component\DependencyInjection\Compiler\AutowirePass: Cannot autowire service "Zephir\Expression\Builder\Operators\AssignPropertyOperator": argument "$expression" of method "__construct()" references class "Zephir\Expression\Builder\AbstractBuilder" but no such service exists. You should maybe alias this class to one of these existing services: "Zephir\Expression\Builder\Operators\AssignPropertyOperator", "Zephir\Expression\Builder\Operators\AssignVariableOperator", "Zephir\Expression\Builder\Operators\BinaryOperator", "Zephir\Expression\Builder\Operators\RawOperator", "Zephir\Expression\Builder\Operators\UnaryOperator", "Zephir\Expression\Builder\RawExpression", "Zephir\Expression\Builder\Statements\CallFunctionStatement", "Zephir\Expression\Builder\Statements\CallMethodStatement", "Zephir\Expression\Builder\Statements\CallStaticStatement", "Zephir\Expression\Builder\Statements\IfStatement", "Zephir\Expression\Builder\Statements\LetStatement", "Zephir\Expression\Builder\Statements\RawStatement", "Zephir\Expression\Builder\Statements\StatementsBlock".
Symfony\Component\DependencyInjection\Compiler\AutowirePass: Cannot autowire service "Zephir\Expression\Builder\Operators\AssignVariableOperator": argument "$expression" of method "__construct()" references class "Zephir\Expression\Builder\AbstractBuilder" but no such service exists. You should maybe alias this class to one of these existing services: "Zephir\Expression\Builder\Operators\AssignPropertyOperator", "Zephir\Expression\Builder\Operators\AssignVariableOperator", "Zephir\Expression\Builder\Operators\BinaryOperator", "Zephir\Expression\Builder\Operators\RawOperator", "Zephir\Expression\Builder\Operators\UnaryOperator", "Zephir\Expression\Builder\RawExpression", "Zephir\Expression\Builder\Statements\CallFunctionStatement", "Zephir\Expression\Builder\Statements\CallMethodStatement", "Zephir\Expression\Builder\Statements\CallStaticStatement", "Zephir\Expression\Builder\Statements\IfStatement", "Zephir\Expression\Builder\Statements\LetStatement", "Zephir\Expression\Builder\Statements\RawStatement", "Zephir\Expression\Builder\Statements\StatementsBlock".
Symfony\Component\DependencyInjection\Compiler\AutowirePass: Cannot autowire service "Zephir\Expression\Builder\Operators\BinaryOperator": argument "$leftExpression" of method "__construct()" references class "Zephir\Expression\Builder\AbstractBuilder" but no such service exists. You should maybe alias this class to one of these existing services: "Zephir\Expression\Builder\Operators\AssignPropertyOperator", "Zephir\Expression\Builder\Operators\AssignVariableOperator", "Zephir\Expression\Builder\Operators\BinaryOperator", "Zephir\Expression\Builder\Operators\RawOperator", "Zephir\Expression\Builder\Operators\UnaryOperator", "Zephir\Expression\Builder\RawExpression", "Zephir\Expression\Builder\Statements\CallFunctionStatement", "Zephir\Expression\Builder\Statements\CallMethodStatement", "Zephir\Expression\Builder\Statements\CallStaticStatement", "Zephir\Expression\Builder\Statements\IfStatement", "Zephir\Expression\Builder\Statements\LetStatement", "Zephir\Expression\Builder\Statements\RawStatement", "Zephir\Expression\Builder\Statements\StatementsBlock".
Symfony\Component\DependencyInjection\Compiler\AutowirePass: Cannot autowire service "Zephir\Expression\Builder\Operators\BinaryOperator": argument "$rightExpression" of method "__construct()" references class "Zephir\Expression\Builder\AbstractBuilder" but no such service exists. You should maybe alias this class to one of these existing services: "Zephir\Expression\Builder\Operators\AssignPropertyOperator", "Zephir\Expression\Builder\Operators\AssignVariableOperator", "Zephir\Expression\Builder\Operators\BinaryOperator", "Zephir\Expression\Builder\Operators\RawOperator", "Zephir\Expression\Builder\Operators\UnaryOperator", "Zephir\Expression\Builder\RawExpression", "Zephir\Expression\Builder\Statements\CallFunctionStatement", "Zephir\Expression\Builder\Statements\CallMethodStatement", "Zephir\Expression\Builder\Statements\CallStaticStatement", "Zephir\Expression\Builder\Statements\IfStatement", "Zephir\Expression\Builder\Statements\LetStatement", "Zephir\Expression\Builder\Statements\RawStatement", "Zephir\Expression\Builder\Statements\StatementsBlock".
Symfony\Component\DependencyInjection\Compiler\AutowirePass: Cannot autowire service "Zephir\Expression\Builder\Operators\UnaryOperator": argument "$expression" of method "__construct()" references class "Zephir\Expression\Builder\AbstractBuilder" but no such service exists. You should maybe alias this class to one of these existing services: "Zephir\Expression\Builder\Operators\AssignPropertyOperator", "Zephir\Expression\Builder\Operators\AssignVariableOperator", "Zephir\Expression\Builder\Operators\BinaryOperator", "Zephir\Expression\Builder\Operators\RawOperator", "Zephir\Expression\Builder\Operators\UnaryOperator", "Zephir\Expression\Builder\RawExpression", "Zephir\Expression\Builder\Statements\CallFunctionStatement", "Zephir\Expression\Builder\Statements\CallMethodStatement", "Zephir\Expression\Builder\Statements\CallStaticStatement", "Zephir\Expression\Builder\Statements\IfStatement", "Zephir\Expression\Builder\Statements\LetStatement", "Zephir\Expression\Builder\Statements\RawStatement", "Zephir\Expression\Builder\Statements\StatementsBlock".
Symfony\Component\DependencyInjection\Compiler\AutowirePass: Cannot autowire service "Zephir\Expression\Builder\Statements\IfStatement": argument "$condition" of method "__construct()" references class "Zephir\Expression\Builder\Operators\AbstractOperator" but no such service exists. You should maybe alias this class to one of these existing services: "Zephir\Expression\Builder\Operators\AssignPropertyOperator", "Zephir\Expression\Builder\Operators\AssignVariableOperator", "Zephir\Expression\Builder\Operators\BinaryOperator", "Zephir\Expression\Builder\Operators\RawOperator", "Zephir\Expression\Builder\Operators\UnaryOperator".
Symfony\Component\DependencyInjection\Compiler\RemovePrivateAliasesPass: Removed service "Psr\Container\ContainerInterface"; reason: private alias.
Symfony\Component\DependencyInjection\Compiler\RemovePrivateAliasesPass: Removed service "Symfony\Component\DependencyInjection\ContainerInterface"; reason: private alias.
Symfony\Component\DependencyInjection\Compiler\RemovePrivateAliasesPass: Removed service "Psr\Log\LoggerInterface"; reason: private alias.
Symfony\Component\DependencyInjection\Compiler\ReplaceAliasByActualDefinitionPass: Changed reference of service "Zephir\Compiler" previously pointing to "monolog.logger" to "logger".
Symfony\Component\DependencyInjection\Compiler\ReplaceAliasByActualDefinitionPass: Changed reference of service "Zephir\FileSystem\FileSystemInterface" previously pointing to "oneup_flysystem.compiler_local_filesystem" to "compiler_filesystem".
Symfony\Component\DependencyInjection\Compiler\RemoveAbstractDefinitionsPass: Removed service "monolog.logger_prototype"; reason: abstract.
Symfony\Component\DependencyInjection\Compiler\RemoveAbstractDefinitionsPass: Removed service "monolog.activation_strategy.not_found"; reason: abstract.
Symfony\Component\DependencyInjection\Compiler\RemoveAbstractDefinitionsPass: Removed service "monolog.handler.fingers_crossed.error_level_activation_strategy"; reason: abstract.
Symfony\Component\DependencyInjection\Compiler\RemoveAbstractDefinitionsPass: Removed service "oneup_flysystem.adapter.local"; reason: abstract.
Symfony\Component\DependencyInjection\Compiler\RemoveAbstractDefinitionsPass: Removed service "oneup_flysystem.adapter.cached"; reason: abstract.
Symfony\Component\DependencyInjection\Compiler\RemoveAbstractDefinitionsPass: Removed service "oneup_flysystem.adapter.nulladapter"; reason: abstract.
Symfony\Component\DependencyInjection\Compiler\RemoveAbstractDefinitionsPass: Removed service "oneup_flysystem.adapter.memory"; reason: abstract.
Symfony\Component\DependencyInjection\Compiler\RemoveAbstractDefinitionsPass: Removed service "oneup_flysystem.adapter.zip"; reason: abstract.
Symfony\Component\DependencyInjection\Compiler\RemoveAbstractDefinitionsPass: Removed service "oneup_flysystem.adapter.awss3v2"; reason: abstract.
Symfony\Component\DependencyInjection\Compiler\RemoveAbstractDefinitionsPass: Removed service "oneup_flysystem.adapter.awss3v3"; reason: abstract.
Symfony\Component\DependencyInjection\Compiler\RemoveAbstractDefinitionsPass: Removed service "oneup_flysystem.adapter.dropbox"; reason: abstract.
Symfony\Component\DependencyInjection\Compiler\RemoveAbstractDefinitionsPass: Removed service "oneup_flysystem.adapter.googlecloudstorage"; reason: abstract.
Symfony\Component\DependencyInjection\Compiler\RemoveAbstractDefinitionsPass: Removed service "oneup_flysystem.adapter.rackspace"; reason: abstract.
Symfony\Component\DependencyInjection\Compiler\RemoveAbstractDefinitionsPass: Removed service "oneup_flysystem.adapter.webdav"; reason: abstract.
Symfony\Component\DependencyInjection\Compiler\RemoveAbstractDefinitionsPass: Removed service "oneup_flysystem.adapter.ftp"; reason: abstract.
Symfony\Component\DependencyInjection\Compiler\RemoveAbstractDefinitionsPass: Removed service "oneup_flysystem.adapter.sftp"; reason: abstract.
Symfony\Component\DependencyInjection\Compiler\RemoveAbstractDefinitionsPass: Removed service "oneup_flysystem.adapter.gridfs"; reason: abstract.
Symfony\Component\DependencyInjection\Compiler\RemoveAbstractDefinitionsPass: Removed service "oneup_flysystem.adapter.fallback"; reason: abstract.
Symfony\Component\DependencyInjection\Compiler\RemoveAbstractDefinitionsPass: Removed service "oneup_flysystem.adapter.gaufrette"; reason: abstract.
Symfony\Component\DependencyInjection\Compiler\RemoveAbstractDefinitionsPass: Removed service "oneup_flysystem.adapter.replicate"; reason: abstract.
Symfony\Component\DependencyInjection\Compiler\RemoveAbstractDefinitionsPass: Removed service "oneup_flysystem.filesystem"; reason: abstract.
Symfony\Component\DependencyInjection\Compiler\RemoveAbstractDefinitionsPass: Removed service "oneup_flysystem.cache.adapter"; reason: abstract.
Symfony\Component\DependencyInjection\Compiler\RemoveAbstractDefinitionsPass: Removed service "oneup_flysystem.cache.memory"; reason: abstract.
Symfony\Component\DependencyInjection\Compiler\RemoveAbstractDefinitionsPass: Removed service "oneup_flysystem.cache.noop"; reason: abstract.
Symfony\Component\DependencyInjection\Compiler\RemoveAbstractDefinitionsPass: Removed service "oneup_flysystem.cache.memcached"; reason: abstract.
Symfony\Component\DependencyInjection\Compiler\RemoveAbstractDefinitionsPass: Removed service "oneup_flysystem.cache.predis"; reason: abstract.
Symfony\Component\DependencyInjection\Compiler\RemoveAbstractDefinitionsPass: Removed service "oneup_flysystem.cache.php_redis"; reason: abstract.
Symfony\Component\DependencyInjection\Compiler\RemoveAbstractDefinitionsPass: Removed service "oneup_flysystem.cache.stash"; reason: abstract.
Symfony\Component\DependencyInjection\Compiler\RemoveAbstractDefinitionsPass: Removed service "oneup_flysystem.cache.psr6"; reason: abstract.
Symfony\Component\DependencyInjection\Compiler\InlineServiceDefinitionsPass: Inlined service "Zephir\Branch" to "Zephir\BranchGraphNode".
Symfony\Component\DependencyInjection\Compiler\InlineServiceDefinitionsPass: Inlined service "Zephir\Parser\Manager" to "Zephir\Compiler".
Symfony\Component\DependencyInjection\Compiler\InlineServiceDefinitionsPass: Inlined service "Zephir\Compiler\CompilerFileFactory" to "Zephir\Compiler".
Symfony\Component\DependencyInjection\Compiler\InlineServiceDefinitionsPass: Inlined service "Zephir\Console\Command\ApiCommand" to "Zephir\Console\Application".
Symfony\Component\DependencyInjection\Compiler\InlineServiceDefinitionsPass: Inlined service "Zephir\Console\Command\BuildCommand" to "Zephir\Console\Application".
Symfony\Component\DependencyInjection\Compiler\InlineServiceDefinitionsPass: Inlined service "Zephir\Console\Command\CleanCommand" to "Zephir\Console\Application".
Symfony\Component\DependencyInjection\Compiler\InlineServiceDefinitionsPass: Inlined service "Zephir\Console\Command\CompileCommand" to "Zephir\Console\Application".
Symfony\Component\DependencyInjection\Compiler\InlineServiceDefinitionsPass: Inlined service "Zephir\Console\Command\FullCleanCommand" to "Zephir\Console\Application".
Symfony\Component\DependencyInjection\Compiler\InlineServiceDefinitionsPass: Inlined service "Zephir\Console\Command\GenerateCommand" to "Zephir\Console\Application".
Symfony\Component\DependencyInjection\Compiler\InlineServiceDefinitionsPass: Inlined service "Zephir\Console\Command\InitCommand" to "Zephir\Console\Application".
Symfony\Component\DependencyInjection\Compiler\InlineServiceDefinitionsPass: Inlined service "Zephir\Console\Command\InstallCommand" to "Zephir\Console\Application".
Symfony\Component\DependencyInjection\Compiler\InlineServiceDefinitionsPass: Inlined service "Zephir\Console\Command\StubsCommand" to "Zephir\Console\Application".
Symfony\Component\DependencyInjection\Compiler\InlineServiceDefinitionsPass: Inlined service "Zephir\Expression\Builder\Statements\StatementsBlock" to "Zephir\Expression\Builder\Statements\IfStatement".
Symfony\Component\DependencyInjection\Compiler\InlineServiceDefinitionsPass: Inlined service "Zephir\Expression\Builder\Statements\StatementsBlock" to "Zephir\Expression\Builder\Statements\IfStatement".
Symfony\Component\DependencyInjection\Compiler\InlineServiceDefinitionsPass: Inlined service "Zephir\Parser\Parser" to "Zephir\Parser\Manager".
Symfony\Component\DependencyInjection\Compiler\InlineServiceDefinitionsPass: Inlined service "oneup_flysystem.compiler_adapter_adapter" to "compiler_filesystem".
Symfony\Component\DependencyInjection\Compiler\RemoveUnusedDefinitionsPass: Removed service "Zephir\ArgInfoDefinition"; reason: unused.
Symfony\Component\DependencyInjection\Compiler\RemoveUnusedDefinitionsPass: Removed service "Zephir\Backends\ZendEngine2\Backend"; reason: unused.
Symfony\Component\DependencyInjection\Compiler\RemoveUnusedDefinitionsPass: Removed service "Zephir\Backends\ZendEngine2\FcallManager"; reason: unused.
Symfony\Component\DependencyInjection\Compiler\RemoveUnusedDefinitionsPass: Removed service "Zephir\Backends\ZendEngine2\StringsManager"; reason: unused.
Symfony\Component\DependencyInjection\Compiler\RemoveUnusedDefinitionsPass: Removed service "Zephir\Backends\ZendEngine3\Backend"; reason: unused.
Symfony\Component\DependencyInjection\Compiler\RemoveUnusedDefinitionsPass: Removed service "Zephir\Backends\ZendEngine3\FcallManager"; reason: unused.
Symfony\Component\DependencyInjection\Compiler\RemoveUnusedDefinitionsPass: Removed service "Zephir\Backends\ZendEngine3\StringsManager"; reason: unused.
Symfony\Component\DependencyInjection\Compiler\RemoveUnusedDefinitionsPass: Removed service "Zephir\Branch"; reason: unused.
Symfony\Component\DependencyInjection\Compiler\RemoveUnusedDefinitionsPass: Removed service "Zephir\BranchGraph"; reason: unused.
Symfony\Component\DependencyInjection\Compiler\RemoveUnusedDefinitionsPass: Removed service "Zephir\BranchGraphNode"; reason: unused.
Symfony\Component\DependencyInjection\Compiler\RemoveUnusedDefinitionsPass: Removed service "Zephir\BranchManager"; reason: unused.
Symfony\Component\DependencyInjection\Compiler\RemoveUnusedDefinitionsPass: Removed service "Zephir\Builder\FunctionCallBuilder"; reason: unused.
Symfony\Component\DependencyInjection\Compiler\RemoveUnusedDefinitionsPass: Removed service "Zephir\Builder\LiteralBuilder"; reason: unused.
Symfony\Component\DependencyInjection\Compiler\RemoveUnusedDefinitionsPass: Removed service "Zephir\Builder\Operators\BinaryOperatorBuilder"; reason: unused.
Symfony\Component\DependencyInjection\Compiler\RemoveUnusedDefinitionsPass: Removed service "Zephir\Builder\Operators\CastOperatorBuilder"; reason: unused.
Symfony\Component\DependencyInjection\Compiler\RemoveUnusedDefinitionsPass: Removed service "Zephir\Builder\Operators\NewInstanceOperatorBuilder"; reason: unused.
Symfony\Component\DependencyInjection\Compiler\RemoveUnusedDefinitionsPass: Removed service "Zephir\Builder\Operators\TypeOfOperatorBuilder"; reason: unused.
Symfony\Component\DependencyInjection\Compiler\RemoveUnusedDefinitionsPass: Removed service "Zephir\Builder\Operators\UnaryOperatorBuilder"; reason: unused.
Symfony\Component\DependencyInjection\Compiler\RemoveUnusedDefinitionsPass: Removed service "Zephir\Builder\ParameterBuilder"; reason: unused.
Symfony\Component\DependencyInjection\Compiler\RemoveUnusedDefinitionsPass: Removed service "Zephir\Builder\RawExpressionBuilder"; reason: unused.
Symfony\Component\DependencyInjection\Compiler\RemoveUnusedDefinitionsPass: Removed service "Zephir\Builder\Statements\IfStatementBuilder"; reason: unused.
Symfony\Component\DependencyInjection\Compiler\RemoveUnusedDefinitionsPass: Removed service "Zephir\Builder\Statements\LetStatementBuilder"; reason: unused.
Symfony\Component\DependencyInjection\Compiler\RemoveUnusedDefinitionsPass: Removed service "Zephir\Builder\Statements\ReturnStatementBuilder"; reason: unused.
Symfony\Component\DependencyInjection\Compiler\RemoveUnusedDefinitionsPass: Removed service "Zephir\Builder\Statements\ThrowStatementBuilder"; reason: unused.
Symfony\Component\DependencyInjection\Compiler\RemoveUnusedDefinitionsPass: Removed service "Zephir\Builder\StatementsBlockBuilder"; reason: unused.
Symfony\Component\DependencyInjection\Compiler\RemoveUnusedDefinitionsPass: Removed service "Zephir\Builder\VariableBuilder"; reason: unused.
Symfony\Component\DependencyInjection\Compiler\RemoveUnusedDefinitionsPass: Removed service "Zephir\Cache\ClassEntryCache"; reason: unused.
Symfony\Component\DependencyInjection\Compiler\RemoveUnusedDefinitionsPass: Removed service "Zephir\Cache\FunctionCache"; reason: unused.
Symfony\Component\DependencyInjection\Compiler\RemoveUnusedDefinitionsPass: Removed service "Zephir\Cache\MethodCache"; reason: unused.
Symfony\Component\DependencyInjection\Compiler\RemoveUnusedDefinitionsPass: Removed service "Zephir\Cache\SlotsCache"; reason: unused.
Symfony\Component\DependencyInjection\Compiler\RemoveUnusedDefinitionsPass: Removed service "Zephir\Cache\StaticMethodCache"; reason: unused.
Symfony\Component\DependencyInjection\Compiler\RemoveUnusedDefinitionsPass: Removed service "Zephir\CacheManager"; reason: unused.
Symfony\Component\DependencyInjection\Compiler\RemoveUnusedDefinitionsPass: Removed service "Zephir\Call"; reason: unused.
Symfony\Component\DependencyInjection\Compiler\RemoveUnusedDefinitionsPass: Removed service "Zephir\ClassConstant"; reason: unused.
Symfony\Component\DependencyInjection\Compiler\RemoveUnusedDefinitionsPass: Removed service "Zephir\ClassDefinitionRuntime"; reason: unused.
Symfony\Component\DependencyInjection\Compiler\RemoveUnusedDefinitionsPass: Removed service "Zephir\ClassMethodParameters"; reason: unused.
Symfony\Component\DependencyInjection\Compiler\RemoveUnusedDefinitionsPass: Removed service "Zephir\ClassProperty"; reason: unused.
Symfony\Component\DependencyInjection\Compiler\RemoveUnusedDefinitionsPass: Removed service "Zephir\Code\Builder\Struct"; reason: unused.
Symfony\Component\DependencyInjection\Compiler\RemoveUnusedDefinitionsPass: Removed service "Zephir\CodePrinter"; reason: unused.
Symfony\Component\DependencyInjection\Compiler\RemoveUnusedDefinitionsPass: Removed service "Zephir\CompiledExpression"; reason: unused.
Symfony\Component\DependencyInjection\Compiler\RemoveUnusedDefinitionsPass: Removed service "Zephir\Compiler\CompilerFileFactory"; reason: unused.
Symfony\Component\DependencyInjection\Compiler\RemoveUnusedDefinitionsPass: Removed service "Zephir\CompilerFile"; reason: unused.
Symfony\Component\DependencyInjection\Compiler\RemoveUnusedDefinitionsPass: Removed service "Zephir\CompilerFileAnonymous"; reason: unused.
Symfony\Component\DependencyInjection\Compiler\RemoveUnusedDefinitionsPass: Removed service "Zephir\ConfigException"; reason: unused.
Symfony\Component\DependencyInjection\Compiler\RemoveUnusedDefinitionsPass: Removed service "Zephir\Console\Command\ApiCommand"; reason: unused.
Symfony\Component\DependencyInjection\Compiler\RemoveUnusedDefinitionsPass: Removed service "Zephir\Console\Command\BuildCommand"; reason: unused.
Symfony\Component\DependencyInjection\Compiler\RemoveUnusedDefinitionsPass: Removed service "Zephir\Console\Command\CleanCommand"; reason: unused.
Symfony\Component\DependencyInjection\Compiler\RemoveUnusedDefinitionsPass: Removed service "Zephir\Console\Command\CompileCommand"; reason: unused.
Symfony\Component\DependencyInjection\Compiler\RemoveUnusedDefinitionsPass: Removed service "Zephir\Console\Command\FullCleanCommand"; reason: unused.
Symfony\Component\DependencyInjection\Compiler\RemoveUnusedDefinitionsPass: Removed service "Zephir\Console\Command\GenerateCommand"; reason: unused.
Symfony\Component\DependencyInjection\Compiler\RemoveUnusedDefinitionsPass: Removed service "Zephir\Console\Command\InitCommand"; reason: unused.
Symfony\Component\DependencyInjection\Compiler\RemoveUnusedDefinitionsPass: Removed service "Zephir\Console\Command\InstallCommand"; reason: unused.
Symfony\Component\DependencyInjection\Compiler\RemoveUnusedDefinitionsPass: Removed service "Zephir\Console\Command\StubsCommand"; reason: unused.
Symfony\Component\DependencyInjection\Compiler\RemoveUnusedDefinitionsPass: Removed service "Zephir\DependencyInjection\CompilerPass\CollectCommandsToApplicationCompilerPass"; reason: unused.
Symfony\Component\DependencyInjection\Compiler\RemoveUnusedDefinitionsPass: Removed service "Zephir\DependencyInjection\ContainerFactory"; reason: unused.
Symfony\Component\DependencyInjection\Compiler\RemoveUnusedDefinitionsPass: Removed service "Zephir\DependencyInjection\ZephirKernel"; reason: unused.
Symfony\Component\DependencyInjection\Compiler\RemoveUnusedDefinitionsPass: Removed service "Zephir\DependencyMap"; reason: unused.
Symfony\Component\DependencyInjection\Compiler\RemoveUnusedDefinitionsPass: Removed service "Zephir\Detectors\ForValueUseDetector"; reason: unused.
Symfony\Component\DependencyInjection\Compiler\RemoveUnusedDefinitionsPass: Removed service "Zephir\Detectors\ReadDetector"; reason: unused.
Symfony\Component\DependencyInjection\Compiler\RemoveUnusedDefinitionsPass: Removed service "Zephir\Detectors\WriteDetector"; reason: unused.
Symfony\Component\DependencyInjection\Compiler\RemoveUnusedDefinitionsPass: Removed service "Zephir\Documentation"; reason: unused.
Symfony\Component\DependencyInjection\Compiler\RemoveUnusedDefinitionsPass: Removed service "Zephir\Documentation\Annotation"; reason: unused.
Symfony\Component\DependencyInjection\Compiler\RemoveUnusedDefinitionsPass: Removed service "Zephir\Documentation\Annotation\Link"; reason: unused.
Symfony\Component\DependencyInjection\Compiler\RemoveUnusedDefinitionsPass: Removed service "Zephir\Documentation\Annotation\ReturnAnnotation"; reason: unused.
Symfony\Component\DependencyInjection\Compiler\RemoveUnusedDefinitionsPass: Removed service "Zephir\Documentation\Annotation\See"; reason: unused.
Symfony\Component\DependencyInjection\Compiler\RemoveUnusedDefinitionsPass: Removed service "Zephir\Documentation\Docblock"; reason: unused.
Symfony\Component\DependencyInjection\Compiler\RemoveUnusedDefinitionsPass: Removed service "Zephir\Documentation\DocblockParser"; reason: unused.
Symfony\Component\DependencyInjection\Compiler\RemoveUnusedDefinitionsPass: Removed service "Zephir\Documentation\File\ClassFile"; reason: unused.
Symfony\Component\DependencyInjection\Compiler\RemoveUnusedDefinitionsPass: Removed service "Zephir\Documentation\File\ClassesFile"; reason: unused.
Symfony\Component\DependencyInjection\Compiler\RemoveUnusedDefinitionsPass: Removed service "Zephir\Documentation\File\IndexFile"; reason: unused.
Symfony\Component\DependencyInjection\Compiler\RemoveUnusedDefinitionsPass: Removed service "Zephir\Documentation\File\NamespaceFile"; reason: unused.
Symfony\Component\DependencyInjection\Compiler\RemoveUnusedDefinitionsPass: Removed service "Zephir\Documentation\File\NamespacesFile"; reason: unused.
Symfony\Component\DependencyInjection\Compiler\RemoveUnusedDefinitionsPass: Removed service "Zephir\Documentation\File\Sitemap"; reason: unused.
Symfony\Component\DependencyInjection\Compiler\RemoveUnusedDefinitionsPass: Removed service "Zephir\Documentation\File\SourceFile"; reason: unused.
Symfony\Component\DependencyInjection\Compiler\RemoveUnusedDefinitionsPass: Removed service "Zephir\Documentation\NamespaceAccessor"; reason: unused.
Symfony\Component\DependencyInjection\Compiler\RemoveUnusedDefinitionsPass: Removed service "Zephir\Documentation\NamespaceHelper"; reason: unused.
Symfony\Component\DependencyInjection\Compiler\RemoveUnusedDefinitionsPass: Removed service "Zephir\Documentation\Template"; reason: unused.
Symfony\Component\DependencyInjection\Compiler\RemoveUnusedDefinitionsPass: Removed service "Zephir\Documentation\Theme"; reason: unused.
Symfony\Component\DependencyInjection\Compiler\RemoveUnusedDefinitionsPass: Removed service "Zephir\EventsManager"; reason: unused.
Symfony\Component\DependencyInjection\Compiler\RemoveUnusedDefinitionsPass: Removed service "Zephir\Exception"; reason: unused.
Symfony\Component\DependencyInjection\Compiler\RemoveUnusedDefinitionsPass: Removed service "Zephir\Exception\BadMethodCallException"; reason: unused.
Symfony\Component\DependencyInjection\Compiler\RemoveUnusedDefinitionsPass: Removed service "Zephir\Exception\CompilerException"; reason: unused.
Symfony\Component\DependencyInjection\Compiler\RemoveUnusedDefinitionsPass: Removed service "Zephir\Exception\ContainerException"; reason: unused.
Symfony\Component\DependencyInjection\Compiler\RemoveUnusedDefinitionsPass: Removed service "Zephir\Exception\FileSystemException"; reason: unused.
Symfony\Component\DependencyInjection\Compiler\RemoveUnusedDefinitionsPass: Removed service "Zephir\Exception\IllegalOperationException"; reason: unused.
Symfony\Component\DependencyInjection\Compiler\RemoveUnusedDefinitionsPass: Removed service "Zephir\Exception\IllegalStateException"; reason: unused.
Symfony\Component\DependencyInjection\Compiler\RemoveUnusedDefinitionsPass: Removed service "Zephir\Exception\InvalidArgumentException"; reason: unused.
Symfony\Component\DependencyInjection\Compiler\RemoveUnusedDefinitionsPass: Removed service "Zephir\Exception\InvalidCallException"; reason: unused.
Symfony\Component\DependencyInjection\Compiler\RemoveUnusedDefinitionsPass: Removed service "Zephir\Exception\InvalidTypeException"; reason: unused.
Symfony\Component\DependencyInjection\Compiler\RemoveUnusedDefinitionsPass: Removed service "Zephir\Exception\LogicException"; reason: unused.
Symfony\Component\DependencyInjection\Compiler\RemoveUnusedDefinitionsPass: Removed service "Zephir\Exception\NotImplementedException"; reason: unused.
Symfony\Component\DependencyInjection\Compiler\RemoveUnusedDefinitionsPass: Removed service "Zephir\Exception\OutOfBoundsException"; reason: unused.
Symfony\Component\DependencyInjection\Compiler\RemoveUnusedDefinitionsPass: Removed service "Zephir\Exception\ParseException"; reason: unused.
Symfony\Component\DependencyInjection\Compiler\RemoveUnusedDefinitionsPass: Removed service "Zephir\Exception\RuntimeException"; reason: unused.
Symfony\Component\DependencyInjection\Compiler\RemoveUnusedDefinitionsPass: Removed service "Zephir\Exception\UnknownPropertyException"; reason: unused.
Symfony\Component\DependencyInjection\Compiler\RemoveUnusedDefinitionsPass: Removed service "Zephir\Exception\ValidationException"; reason: unused.
Symfony\Component\DependencyInjection\Compiler\RemoveUnusedDefinitionsPass: Removed service "Zephir\Expression"; reason: unused.
Symfony\Component\DependencyInjection\Compiler\RemoveUnusedDefinitionsPass: Removed service "Zephir\Expression\Builder\Factory\OperatorsFactory"; reason: unused.
Symfony\Component\DependencyInjection\Compiler\RemoveUnusedDefinitionsPass: Removed service "Zephir\Expression\Builder\Factory\StatementsFactory"; reason: unused.
Symfony\Component\DependencyInjection\Compiler\RemoveUnusedDefinitionsPass: Removed service "Zephir\Expression\Builder\Operators\AssignPropertyOperator"; reason: unused.
Symfony\Component\DependencyInjection\Compiler\RemoveUnusedDefinitionsPass: Removed service "Zephir\Expression\Builder\Operators\AssignVariableOperator"; reason: unused.
Symfony\Component\DependencyInjection\Compiler\RemoveUnusedDefinitionsPass: Removed service "Zephir\Expression\Builder\Operators\BinaryOperator"; reason: unused.
Symfony\Component\DependencyInjection\Compiler\RemoveUnusedDefinitionsPass: Removed service "Zephir\Expression\Builder\Operators\RawOperator"; reason: unused.
Symfony\Component\DependencyInjection\Compiler\RemoveUnusedDefinitionsPass: Removed service "Zephir\Expression\Builder\Operators\UnaryOperator"; reason: unused.
Symfony\Component\DependencyInjection\Compiler\RemoveUnusedDefinitionsPass: Removed service "Zephir\Expression\Builder\RawExpression"; reason: unused.
Symfony\Component\DependencyInjection\Compiler\RemoveUnusedDefinitionsPass: Removed service "Zephir\Expression\Builder\Statements\CallFunctionStatement"; reason: unused.
Symfony\Component\DependencyInjection\Compiler\RemoveUnusedDefinitionsPass: Removed service "Zephir\Expression\Builder\Statements\CallMethodStatement"; reason: unused.
Symfony\Component\DependencyInjection\Compiler\RemoveUnusedDefinitionsPass: Removed service "Zephir\Expression\Builder\Statements\CallStaticStatement"; reason: unused.
Symfony\Component\DependencyInjection\Compiler\RemoveUnusedDefinitionsPass: Removed service "Zephir\Expression\Builder\Statements\IfStatement"; reason: unused.
Symfony\Component\DependencyInjection\Compiler\RemoveUnusedDefinitionsPass: Removed service "Zephir\Expression\Builder\Statements\LetStatement"; reason: unused.
Symfony\Component\DependencyInjection\Compiler\RemoveUnusedDefinitionsPass: Removed service "Zephir\Expression\Builder\Statements\RawStatement"; reason: unused.
Symfony\Component\DependencyInjection\Compiler\RemoveUnusedDefinitionsPass: Removed service "Zephir\Expression\Builder\Statements\StatementsBlock"; reason: unused.
Symfony\Component\DependencyInjection\Compiler\RemoveUnusedDefinitionsPass: Removed service "Zephir\Expression\Closure"; reason: unused.
Symfony\Component\DependencyInjection\Compiler\RemoveUnusedDefinitionsPass: Removed service "Zephir\Expression\ClosureArrow"; reason: unused.
Symfony\Component\DependencyInjection\Compiler\RemoveUnusedDefinitionsPass: Removed service "Zephir\Expression\Constants"; reason: unused.
Symfony\Component\DependencyInjection\Compiler\RemoveUnusedDefinitionsPass: Removed service "Zephir\Expression\NativeArray"; reason: unused.
Symfony\Component\DependencyInjection\Compiler\RemoveUnusedDefinitionsPass: Removed service "Zephir\Expression\NativeArrayAccess"; reason: unused.
Symfony\Component\DependencyInjection\Compiler\RemoveUnusedDefinitionsPass: Removed service "Zephir\Expression\PropertyAccess"; reason: unused.
Symfony\Component\DependencyInjection\Compiler\RemoveUnusedDefinitionsPass: Removed service "Zephir\Expression\PropertyDynamicAccess"; reason: unused.
Symfony\Component\DependencyInjection\Compiler\RemoveUnusedDefinitionsPass: Removed service "Zephir\Expression\Reference"; reason: unused.
Symfony\Component\DependencyInjection\Compiler\RemoveUnusedDefinitionsPass: Removed service "Zephir\Expression\StaticConstantAccess"; reason: unused.
Symfony\Component\DependencyInjection\Compiler\RemoveUnusedDefinitionsPass: Removed service "Zephir\Expression\StaticPropertyAccess"; reason: unused.
Symfony\Component\DependencyInjection\Compiler\RemoveUnusedDefinitionsPass: Removed service "Zephir\FileSystem\HardDisk"; reason: unused.
Symfony\Component\DependencyInjection\Compiler\RemoveUnusedDefinitionsPass: Removed service "Zephir\FunctionCall"; reason: unused.
Symfony\Component\DependencyInjection\Compiler\RemoveUnusedDefinitionsPass: Removed service "Zephir\FunctionDefinition"; reason: unused.
Symfony\Component\DependencyInjection\Compiler\RemoveUnusedDefinitionsPass: Removed service "Zephir\GlobalConstant"; reason: unused.
Symfony\Component\DependencyInjection\Compiler\RemoveUnusedDefinitionsPass: Removed service "Zephir\HeadersManager"; reason: unused.
Symfony\Component\DependencyInjection\Compiler\RemoveUnusedDefinitionsPass: Removed service "Zephir\LiteralCompiledExpression"; reason: unused.
Symfony\Component\DependencyInjection\Compiler\RemoveUnusedDefinitionsPass: Removed service "Zephir\Logger\Formatter\CompilerFormatter"; reason: unused.
Symfony\Component\DependencyInjection\Compiler\RemoveUnusedDefinitionsPass: Removed service "Zephir\MethodCall"; reason: unused.
Symfony\Component\DependencyInjection\Compiler\RemoveUnusedDefinitionsPass: Removed service "Zephir\MethodCallWarmUp"; reason: unused.
Symfony\Component\DependencyInjection\Compiler\RemoveUnusedDefinitionsPass: Removed service "Zephir\Operators\Arithmetical\AddOperator"; reason: unused.
Symfony\Component\DependencyInjection\Compiler\RemoveUnusedDefinitionsPass: Removed service "Zephir\Operators\Arithmetical\ArithmeticalBaseOperator"; reason: unused.
Symfony\Component\DependencyInjection\Compiler\RemoveUnusedDefinitionsPass: Removed service "Zephir\Operators\Arithmetical\DivOperator"; reason: unused.
Symfony\Component\DependencyInjection\Compiler\RemoveUnusedDefinitionsPass: Removed service "Zephir\Operators\Arithmetical\ModOperator"; reason: unused.
Symfony\Component\DependencyInjection\Compiler\RemoveUnusedDefinitionsPass: Removed service "Zephir\Operators\Arithmetical\MulOperator"; reason: unused.
Symfony\Component\DependencyInjection\Compiler\RemoveUnusedDefinitionsPass: Removed service "Zephir\Operators\Arithmetical\SubOperator"; reason: unused.
Symfony\Component\DependencyInjection\Compiler\RemoveUnusedDefinitionsPass: Removed service "Zephir\Operators\BaseOperator"; reason: unused.
Symfony\Component\DependencyInjection\Compiler\RemoveUnusedDefinitionsPass: Removed service "Zephir\Operators\Bitwise\BitwiseAndOperator"; reason: unused.
Symfony\Component\DependencyInjection\Compiler\RemoveUnusedDefinitionsPass: Removed service "Zephir\Operators\Bitwise\BitwiseBaseOperator"; reason: unused.
Symfony\Component\DependencyInjection\Compiler\RemoveUnusedDefinitionsPass: Removed service "Zephir\Operators\Bitwise\BitwiseNotOperator"; reason: unused.
Symfony\Component\DependencyInjection\Compiler\RemoveUnusedDefinitionsPass: Removed service "Zephir\Operators\Bitwise\BitwiseOrOperator"; reason: unused.
Symfony\Component\DependencyInjection\Compiler\RemoveUnusedDefinitionsPass: Removed service "Zephir\Operators\Bitwise\BitwiseXorOperator"; reason: unused.
Symfony\Component\DependencyInjection\Compiler\RemoveUnusedDefinitionsPass: Removed service "Zephir\Operators\Bitwise\ShiftLeftOperator"; reason: unused.
Symfony\Component\DependencyInjection\Compiler\RemoveUnusedDefinitionsPass: Removed service "Zephir\Operators\Bitwise\ShiftRightOperator"; reason: unused.
Symfony\Component\DependencyInjection\Compiler\RemoveUnusedDefinitionsPass: Removed service "Zephir\Operators\Comparison\ComparisonBaseOperator"; reason: unused.
Symfony\Component\DependencyInjection\Compiler\RemoveUnusedDefinitionsPass: Removed service "Zephir\Operators\Comparison\EqualsOperator"; reason: unused.
Symfony\Component\DependencyInjection\Compiler\RemoveUnusedDefinitionsPass: Removed service "Zephir\Operators\Comparison\GreaterEqualOperator"; reason: unused.
Symfony\Component\DependencyInjection\Compiler\RemoveUnusedDefinitionsPass: Removed service "Zephir\Operators\Comparison\GreaterOperator"; reason: unused.
Symfony\Component\DependencyInjection\Compiler\RemoveUnusedDefinitionsPass: Removed service "Zephir\Operators\Comparison\IdenticalOperator"; reason: unused.
Symfony\Component\DependencyInjection\Compiler\RemoveUnusedDefinitionsPass: Removed service "Zephir\Operators\Comparison\LessEqualOperator"; reason: unused.
Symfony\Component\DependencyInjection\Compiler\RemoveUnusedDefinitionsPass: Removed service "Zephir\Operators\Comparison\LessOperator"; reason: unused.
Symfony\Component\DependencyInjection\Compiler\RemoveUnusedDefinitionsPass: Removed service "Zephir\Operators\Comparison\NotEqualsOperator"; reason: unused.
Symfony\Component\DependencyInjection\Compiler\RemoveUnusedDefinitionsPass: Removed service "Zephir\Operators\Comparison\NotIdenticalOperator"; reason: unused.
Symfony\Component\DependencyInjection\Compiler\RemoveUnusedDefinitionsPass: Removed service "Zephir\Operators\Logical\AndOperator"; reason: unused.
Symfony\Component\DependencyInjection\Compiler\RemoveUnusedDefinitionsPass: Removed service "Zephir\Operators\Logical\LogicalBaseOperator"; reason: unused.
Symfony\Component\DependencyInjection\Compiler\RemoveUnusedDefinitionsPass: Removed service "Zephir\Operators\Logical\OrOperator"; reason: unused.
Symfony\Component\DependencyInjection\Compiler\RemoveUnusedDefinitionsPass: Removed service "Zephir\Operators\Other\CastOperator"; reason: unused.
Symfony\Component\DependencyInjection\Compiler\RemoveUnusedDefinitionsPass: Removed service "Zephir\Operators\Other\CloneOperator"; reason: unused.
Symfony\Component\DependencyInjection\Compiler\RemoveUnusedDefinitionsPass: Removed service "Zephir\Operators\Other\ConcatOperator"; reason: unused.
Symfony\Component\DependencyInjection\Compiler\RemoveUnusedDefinitionsPass: Removed service "Zephir\Operators\Other\EmptyOperator"; reason: unused.
Symfony\Component\DependencyInjection\Compiler\RemoveUnusedDefinitionsPass: Removed service "Zephir\Operators\Other\FetchOperator"; reason: unused.
Symfony\Component\DependencyInjection\Compiler\RemoveUnusedDefinitionsPass: Removed service "Zephir\Operators\Other\InstanceOfOperator"; reason: unused.
Symfony\Component\DependencyInjection\Compiler\RemoveUnusedDefinitionsPass: Removed service "Zephir\Operators\Other\IssetOperator"; reason: unused.
Symfony\Component\DependencyInjection\Compiler\RemoveUnusedDefinitionsPass: Removed service "Zephir\Operators\Other\LikelyOperator"; reason: unused.
Symfony\Component\DependencyInjection\Compiler\RemoveUnusedDefinitionsPass: Removed service "Zephir\Operators\Other\NewInstanceOperator"; reason: unused.
Symfony\Component\DependencyInjection\Compiler\RemoveUnusedDefinitionsPass: Removed service "Zephir\Operators\Other\NewInstanceTypeOperator"; reason: unused.
Symfony\Component\DependencyInjection\Compiler\RemoveUnusedDefinitionsPass: Removed service "Zephir\Operators\Other\RangeExclusiveOperator"; reason: unused.
Symfony\Component\DependencyInjection\Compiler\RemoveUnusedDefinitionsPass: Removed service "Zephir\Operators\Other\RangeInclusiveOperator"; reason: unused.
Symfony\Component\DependencyInjection\Compiler\RemoveUnusedDefinitionsPass: Removed service "Zephir\Operators\Other\RequireOperator"; reason: unused.
Symfony\Component\DependencyInjection\Compiler\RemoveUnusedDefinitionsPass: Removed service "Zephir\Operators\Other\ShortTernaryOperator"; reason: unused.
Symfony\Component\DependencyInjection\Compiler\RemoveUnusedDefinitionsPass: Removed service "Zephir\Operators\Other\TernaryOperator"; reason: unused.
Symfony\Component\DependencyInjection\Compiler\RemoveUnusedDefinitionsPass: Removed service "Zephir\Operators\Other\TypeHintOperator"; reason: unused.
Symfony\Component\DependencyInjection\Compiler\RemoveUnusedDefinitionsPass: Removed service "Zephir\Operators\Other\TypeOfOperator"; reason: unused.
Symfony\Component\DependencyInjection\Compiler\RemoveUnusedDefinitionsPass: Removed service "Zephir\Operators\Other\UnlikelyOperator"; reason: unused.
Symfony\Component\DependencyInjection\Compiler\RemoveUnusedDefinitionsPass: Removed service "Zephir\Operators\Unary\MinusOperator"; reason: unused.
Symfony\Component\DependencyInjection\Compiler\RemoveUnusedDefinitionsPass: Removed service "Zephir\Operators\Unary\NotOperator"; reason: unused.
Symfony\Component\DependencyInjection\Compiler\RemoveUnusedDefinitionsPass: Removed service "Zephir\Operators\Unary\PlusOperator"; reason: unused.
Symfony\Component\DependencyInjection\Compiler\RemoveUnusedDefinitionsPass: Removed service "Zephir\Optimizers\EvalExpression"; reason: unused.
Symfony\Component\DependencyInjection\Compiler\RemoveUnusedDefinitionsPass: Removed service "Zephir\Optimizers\FunctionCall\ACosOptimizer"; reason: unused.
Symfony\Component\DependencyInjection\Compiler\RemoveUnusedDefinitionsPass: Removed service "Zephir\Optimizers\FunctionCall\ASinOptimizer"; reason: unused.
Symfony\Component\DependencyInjection\Compiler\RemoveUnusedDefinitionsPass: Removed service "Zephir\Optimizers\FunctionCall\AddslashesOptimizer"; reason: unused.
Symfony\Component\DependencyInjection\Compiler\RemoveUnusedDefinitionsPass: Removed service "Zephir\Optimizers\FunctionCall\ArrayKeyExistsOptimizer"; reason: unused.
Symfony\Component\DependencyInjection\Compiler\RemoveUnusedDefinitionsPass: Removed service "Zephir\Optimizers\FunctionCall\ArrayKeysOptimizer"; reason: unused.
Symfony\Component\DependencyInjection\Compiler\RemoveUnusedDefinitionsPass: Removed service "Zephir\Optimizers\FunctionCall\ArrayMergeOptimizer"; reason: unused.
Symfony\Component\DependencyInjection\Compiler\RemoveUnusedDefinitionsPass: Removed service "Zephir\Optimizers\FunctionCall\BasenameOptimizer"; reason: unused.
Symfony\Component\DependencyInjection\Compiler\RemoveUnusedDefinitionsPass: Removed service "Zephir\Optimizers\FunctionCall\CallUserFuncArrayOptimizer"; reason: unused.
Symfony\Component\DependencyInjection\Compiler\RemoveUnusedDefinitionsPass: Removed service "Zephir\Optimizers\FunctionCall\CallUserFuncOptimizer"; reason: unused.
Symfony\Component\DependencyInjection\Compiler\RemoveUnusedDefinitionsPass: Removed service "Zephir\Optimizers\FunctionCall\CamelizeOptimizer"; reason: unused.
Symfony\Component\DependencyInjection\Compiler\RemoveUnusedDefinitionsPass: Removed service "Zephir\Optimizers\FunctionCall\CeilOptimizer"; reason: unused.
Symfony\Component\DependencyInjection\Compiler\RemoveUnusedDefinitionsPass: Removed service "Zephir\Optimizers\FunctionCall\ClassExistsOptimizer"; reason: unused.
Symfony\Component\DependencyInjection\Compiler\RemoveUnusedDefinitionsPass: Removed service "Zephir\Optimizers\FunctionCall\CompareMtimeOptimizer"; reason: unused.
Symfony\Component\DependencyInjection\Compiler\RemoveUnusedDefinitionsPass: Removed service "Zephir\Optimizers\FunctionCall\CosOptimizer"; reason: unused.
Symfony\Component\DependencyInjection\Compiler\RemoveUnusedDefinitionsPass: Removed service "Zephir\Optimizers\FunctionCall\CountOptimizer"; reason: unused.
Symfony\Component\DependencyInjection\Compiler\RemoveUnusedDefinitionsPass: Removed service "Zephir\Optimizers\FunctionCall\Crc32Optimizer"; reason: unused.
Symfony\Component\DependencyInjection\Compiler\RemoveUnusedDefinitionsPass: Removed service "Zephir\Optimizers\FunctionCall\CreateArrayOptimizer"; reason: unused.
Symfony\Component\DependencyInjection\Compiler\RemoveUnusedDefinitionsPass: Removed service "Zephir\Optimizers\FunctionCall\CreateInstanceOptimizer"; reason: unused.
Symfony\Component\DependencyInjection\Compiler\RemoveUnusedDefinitionsPass: Removed service "Zephir\Optimizers\FunctionCall\CreateInstanceParamsOptimizer"; reason: unused.
Symfony\Component\DependencyInjection\Compiler\RemoveUnusedDefinitionsPass: Removed service "Zephir\Optimizers\FunctionCall\CreateSymbolTableOptimizer"; reason: unused.
Symfony\Component\DependencyInjection\Compiler\RemoveUnusedDefinitionsPass: Removed service "Zephir\Optimizers\FunctionCall\DieOptimizer"; reason: unused.
Symfony\Component\DependencyInjection\Compiler\RemoveUnusedDefinitionsPass: Removed service "Zephir\Optimizers\FunctionCall\DoublevalOptimizer"; reason: unused.
Symfony\Component\DependencyInjection\Compiler\RemoveUnusedDefinitionsPass: Removed service "Zephir\Optimizers\FunctionCall\EndsWithOptimizer"; reason: unused.
Symfony\Component\DependencyInjection\Compiler\RemoveUnusedDefinitionsPass: Removed service "Zephir\Optimizers\FunctionCall\EvalOptimizer"; reason: unused.
Symfony\Component\DependencyInjection\Compiler\RemoveUnusedDefinitionsPass: Removed service "Zephir\Optimizers\FunctionCall\ExitOptimizer"; reason: unused.
Symfony\Component\DependencyInjection\Compiler\RemoveUnusedDefinitionsPass: Removed service "Zephir\Optimizers\FunctionCall\ExplodeOptimizer"; reason: unused.
Symfony\Component\DependencyInjection\Compiler\RemoveUnusedDefinitionsPass: Removed service "Zephir\Optimizers\FunctionCall\FcloseOptimizer"; reason: unused.
Symfony\Component\DependencyInjection\Compiler\RemoveUnusedDefinitionsPass: Removed service "Zephir\Optimizers\FunctionCall\FeofOptimizer"; reason: unused.
Symfony\Component\DependencyInjection\Compiler\RemoveUnusedDefinitionsPass: Removed service "Zephir\Optimizers\FunctionCall\FileExistsOptimizer"; reason: unused.
Symfony\Component\DependencyInjection\Compiler\RemoveUnusedDefinitionsPass: Removed service "Zephir\Optimizers\FunctionCall\FileGetContentsOptimizer"; reason: unused.
Symfony\Component\DependencyInjection\Compiler\RemoveUnusedDefinitionsPass: Removed service "Zephir\Optimizers\FunctionCall\FilePutContentsOptimizer"; reason: unused.
Symfony\Component\DependencyInjection\Compiler\RemoveUnusedDefinitionsPass: Removed service "Zephir\Optimizers\FunctionCall\FilemtimeOptimizer"; reason: unused.
Symfony\Component\DependencyInjection\Compiler\RemoveUnusedDefinitionsPass: Removed service "Zephir\Optimizers\FunctionCall\FloorOptimizer"; reason: unused.
Symfony\Component\DependencyInjection\Compiler\RemoveUnusedDefinitionsPass: Removed service "Zephir\Optimizers\FunctionCall\FuncGetArgOptimizer"; reason: unused.
Symfony\Component\DependencyInjection\Compiler\RemoveUnusedDefinitionsPass: Removed service "Zephir\Optimizers\FunctionCall\FuncGetArgsOptimizer"; reason: unused.
Symfony\Component\DependencyInjection\Compiler\RemoveUnusedDefinitionsPass: Removed service "Zephir\Optimizers\FunctionCall\FuncNumArgsOptimizer"; reason: unused.
Symfony\Component\DependencyInjection\Compiler\RemoveUnusedDefinitionsPass: Removed service "Zephir\Optimizers\FunctionCall\FunctionExistsOptimizer"; reason: unused.
Symfony\Component\DependencyInjection\Compiler\RemoveUnusedDefinitionsPass: Removed service "Zephir\Optimizers\FunctionCall\FwriteOptimizer"; reason: unused.
Symfony\Component\DependencyInjection\Compiler\RemoveUnusedDefinitionsPass: Removed service "Zephir\Optimizers\FunctionCall\GetCalledClassOptimizer"; reason: unused.
Symfony\Component\DependencyInjection\Compiler\RemoveUnusedDefinitionsPass: Removed service "Zephir\Optimizers\FunctionCall\GetClassLowerOptimizer"; reason: unused.
Symfony\Component\DependencyInjection\Compiler\RemoveUnusedDefinitionsPass: Removed service "Zephir\Optimizers\FunctionCall\GetClassNsOptimizer"; reason: unused.
Symfony\Component\DependencyInjection\Compiler\RemoveUnusedDefinitionsPass: Removed service "Zephir\Optimizers\FunctionCall\GetClassOptimizer"; reason: unused.
Symfony\Component\DependencyInjection\Compiler\RemoveUnusedDefinitionsPass: Removed service "Zephir\Optimizers\FunctionCall\GetDefinedVarsOptimizer"; reason: unused.
Symfony\Component\DependencyInjection\Compiler\RemoveUnusedDefinitionsPass: Removed service "Zephir\Optimizers\FunctionCall\GetNsClassOptimizer"; reason: unused.
Symfony\Component\DependencyInjection\Compiler\RemoveUnusedDefinitionsPass: Removed service "Zephir\Optimizers\FunctionCall\GettypeOptimizer"; reason: unused.
Symfony\Component\DependencyInjection\Compiler\RemoveUnusedDefinitionsPass: Removed service "Zephir\Optimizers\FunctionCall\GlobalsGetOptimizer"; reason: unused.
Symfony\Component\DependencyInjection\Compiler\RemoveUnusedDefinitionsPass: Removed service "Zephir\Optimizers\FunctionCall\GlobalsSetOptimizer"; reason: unused.
Symfony\Component\DependencyInjection\Compiler\RemoveUnusedDefinitionsPass: Removed service "Zephir\Optimizers\FunctionCall\HashEqualsOptimizer"; reason: unused.
Symfony\Component\DependencyInjection\Compiler\RemoveUnusedDefinitionsPass: Removed service "Zephir\Optimizers\FunctionCall\ImplodeOptimizer"; reason: unused.
Symfony\Component\DependencyInjection\Compiler\RemoveUnusedDefinitionsPass: Removed service "Zephir\Optimizers\FunctionCall\InArrayOptimizer"; reason: unused.
Symfony\Component\DependencyInjection\Compiler\RemoveUnusedDefinitionsPass: Removed service "Zephir\Optimizers\FunctionCall\InterfaceExistsOptimizer"; reason: unused.
Symfony\Component\DependencyInjection\Compiler\RemoveUnusedDefinitionsPass: Removed service "Zephir\Optimizers\FunctionCall\IntvalOptimizer"; reason: unused.
Symfony\Component\DependencyInjection\Compiler\RemoveUnusedDefinitionsPass: Removed service "Zephir\Optimizers\FunctionCall\IsArrayOptimizer"; reason: unused.
Symfony\Component\DependencyInjection\Compiler\RemoveUnusedDefinitionsPass: Removed service "Zephir\Optimizers\FunctionCall\IsBoolOptimizer"; reason: unused.
Symfony\Component\DependencyInjection\Compiler\RemoveUnusedDefinitionsPass: Removed service "Zephir\Optimizers\FunctionCall\IsCallableOptimizer"; reason: unused.
Symfony\Component\DependencyInjection\Compiler\RemoveUnusedDefinitionsPass: Removed service "Zephir\Optimizers\FunctionCall\IsIntOptimizer"; reason: unused.
Symfony\Component\DependencyInjection\Compiler\RemoveUnusedDefinitionsPass: Removed service "Zephir\Optimizers\FunctionCall\IsNullOptimizer"; reason: unused.
Symfony\Component\DependencyInjection\Compiler\RemoveUnusedDefinitionsPass: Removed service "Zephir\Optimizers\FunctionCall\IsNumericOptimizer"; reason: unused.
Symfony\Component\DependencyInjection\Compiler\RemoveUnusedDefinitionsPass: Removed service "Zephir\Optimizers\FunctionCall\IsObjectOptimizer"; reason: unused.
Symfony\Component\DependencyInjection\Compiler\RemoveUnusedDefinitionsPass: Removed service "Zephir\Optimizers\FunctionCall\IsPhpVersionOptimizer"; reason: unused.
Symfony\Component\DependencyInjection\Compiler\RemoveUnusedDefinitionsPass: Removed service "Zephir\Optimizers\FunctionCall\IsPrivatePropertyOptimizer"; reason: unused.
Symfony\Component\DependencyInjection\Compiler\RemoveUnusedDefinitionsPass: Removed service "Zephir\Optimizers\FunctionCall\IsResourceOptimizer"; reason: unused.
Symfony\Component\DependencyInjection\Compiler\RemoveUnusedDefinitionsPass: Removed service "Zephir\Optimizers\FunctionCall\IsScalarOptimizer"; reason: unused.
Symfony\Component\DependencyInjection\Compiler\RemoveUnusedDefinitionsPass: Removed service "Zephir\Optimizers\FunctionCall\IsStringOptimizer"; reason: unused.
Symfony\Component\DependencyInjection\Compiler\RemoveUnusedDefinitionsPass: Removed service "Zephir\Optimizers\FunctionCall\JoinOptimizer"; reason: unused.
Symfony\Component\DependencyInjection\Compiler\RemoveUnusedDefinitionsPass: Removed service "Zephir\Optimizers\FunctionCall\JsonDecodeOptimizer"; reason: unused.
Symfony\Component\DependencyInjection\Compiler\RemoveUnusedDefinitionsPass: Removed service "Zephir\Optimizers\FunctionCall\JsonEncodeOptimizer"; reason: unused.
Symfony\Component\DependencyInjection\Compiler\RemoveUnusedDefinitionsPass: Removed service "Zephir\Optimizers\FunctionCall\LdexpOptimizer"; reason: unused.
Symfony\Component\DependencyInjection\Compiler\RemoveUnusedDefinitionsPass: Removed service "Zephir\Optimizers\FunctionCall\LtrimOptimizer"; reason: unused.
Symfony\Component\DependencyInjection\Compiler\RemoveUnusedDefinitionsPass: Removed service "Zephir\Optimizers\FunctionCall\Md5Optimizer"; reason: unused.
Symfony\Component\DependencyInjection\Compiler\RemoveUnusedDefinitionsPass: Removed service "Zephir\Optimizers\FunctionCall\MemstrOptimizer"; reason: unused.
Symfony\Component\DependencyInjection\Compiler\RemoveUnusedDefinitionsPass: Removed service "Zephir\Optimizers\FunctionCall\MergeAppendOptimizer"; reason: unused.
Symfony\Component\DependencyInjection\Compiler\RemoveUnusedDefinitionsPass: Removed service "Zephir\Optimizers\FunctionCall\MethodExistsOptimizer"; reason: unused.
Symfony\Component\DependencyInjection\Compiler\RemoveUnusedDefinitionsPass: Removed service "Zephir\Optimizers\FunctionCall\MicrotimeOptimizer"; reason: unused.
Symfony\Component\DependencyInjection\Compiler\RemoveUnusedDefinitionsPass: Removed service "Zephir\Optimizers\FunctionCall\MtRandOptimizer"; reason: unused.
Symfony\Component\DependencyInjection\Compiler\RemoveUnusedDefinitionsPass: Removed service "Zephir\Optimizers\FunctionCall\PowOptimizer"; reason: unused.
Symfony\Component\DependencyInjection\Compiler\RemoveUnusedDefinitionsPass: Removed service "Zephir\Optimizers\FunctionCall\PregMatchAllOptimizer"; reason: unused.
Symfony\Component\DependencyInjection\Compiler\RemoveUnusedDefinitionsPass: Removed service "Zephir\Optimizers\FunctionCall\PregMatchOptimizer"; reason: unused.
Symfony\Component\DependencyInjection\Compiler\RemoveUnusedDefinitionsPass: Removed service "Zephir\Optimizers\FunctionCall\PrepareVirtualPathOptimizer"; reason: unused.
Symfony\Component\DependencyInjection\Compiler\RemoveUnusedDefinitionsPass: Removed service "Zephir\Optimizers\FunctionCall\RoundOptimizer"; reason: unused.
Symfony\Component\DependencyInjection\Compiler\RemoveUnusedDefinitionsPass: Removed service "Zephir\Optimizers\FunctionCall\RtrimOptimizer"; reason: unused.
Symfony\Component\DependencyInjection\Compiler\RemoveUnusedDefinitionsPass: Removed service "Zephir\Optimizers\FunctionCall\SinOptimizer"; reason: unused.
Symfony\Component\DependencyInjection\Compiler\RemoveUnusedDefinitionsPass: Removed service "Zephir\Optimizers\FunctionCall\SqrtOptimizer"; reason: unused.
Symfony\Component\DependencyInjection\Compiler\RemoveUnusedDefinitionsPass: Removed service "Zephir\Optimizers\FunctionCall\StartsWithOptimizer"; reason: unused.
Symfony\Component\DependencyInjection\Compiler\RemoveUnusedDefinitionsPass: Removed service "Zephir\Optimizers\FunctionCall\StrReplaceOptimizer"; reason: unused.
Symfony\Component\DependencyInjection\Compiler\RemoveUnusedDefinitionsPass: Removed service "Zephir\Optimizers\FunctionCall\StripcslashesOptimizer"; reason: unused.
Symfony\Component\DependencyInjection\Compiler\RemoveUnusedDefinitionsPass: Removed service "Zephir\Optimizers\FunctionCall\StripslashesOptimizer"; reason: unused.
Symfony\Component\DependencyInjection\Compiler\RemoveUnusedDefinitionsPass: Removed service "Zephir\Optimizers\FunctionCall\StrlenOptimizer"; reason: unused.
Symfony\Component\DependencyInjection\Compiler\RemoveUnusedDefinitionsPass: Removed service "Zephir\Optimizers\FunctionCall\StrposOptimizer"; reason: unused.
Symfony\Component\DependencyInjection\Compiler\RemoveUnusedDefinitionsPass: Removed service "Zephir\Optimizers\FunctionCall\StrtokOptimizer"; reason: unused.
Symfony\Component\DependencyInjection\Compiler\RemoveUnusedDefinitionsPass: Removed service "Zephir\Optimizers\FunctionCall\StrtolowerOptimizer"; reason: unused.
Symfony\Component\DependencyInjection\Compiler\RemoveUnusedDefinitionsPass: Removed service "Zephir\Optimizers\FunctionCall\StrtoupperOptimizer"; reason: unused.
Symfony\Component\DependencyInjection\Compiler\RemoveUnusedDefinitionsPass: Removed service "Zephir\Optimizers\FunctionCall\SubstrOptimizer"; reason: unused.
Symfony\Component\DependencyInjection\Compiler\RemoveUnusedDefinitionsPass: Removed service "Zephir\Optimizers\FunctionCall\TanOptimizer"; reason: unused.
Symfony\Component\DependencyInjection\Compiler\RemoveUnusedDefinitionsPass: Removed service "Zephir\Optimizers\FunctionCall\TimeOptimizer"; reason: unused.
Symfony\Component\DependencyInjection\Compiler\RemoveUnusedDefinitionsPass: Removed service "Zephir\Optimizers\FunctionCall\TrimOptimizer"; reason: unused.
Symfony\Component\DependencyInjection\Compiler\RemoveUnusedDefinitionsPass: Removed service "Zephir\Optimizers\FunctionCall\UcfirstOptimizer"; reason: unused.
Symfony\Component\DependencyInjection\Compiler\RemoveUnusedDefinitionsPass: Removed service "Zephir\Optimizers\FunctionCall\UncamelizeOptimizer"; reason: unused.
Symfony\Component\DependencyInjection\Compiler\RemoveUnusedDefinitionsPass: Removed service "Zephir\Optimizers\FunctionCall\UniqueKeyOptimizer"; reason: unused.
Symfony\Component\DependencyInjection\Compiler\RemoveUnusedDefinitionsPass: Removed service "Zephir\Optimizers\FunctionCall\UniquePathKeyOptimizer"; reason: unused.
Symfony\Component\DependencyInjection\Compiler\RemoveUnusedDefinitionsPass: Removed service "Zephir\Optimizers\FunctionCall\VarDumpOptimizer"; reason: unused.
Symfony\Component\DependencyInjection\Compiler\RemoveUnusedDefinitionsPass: Removed service "Zephir\Optimizers\FunctionCall\VarExportOptimizer"; reason: unused.
Symfony\Component\DependencyInjection\Compiler\RemoveUnusedDefinitionsPass: Removed service "Zephir\Optimizers\FunctionCall\ZephirStringToHexOptimizer"; reason: unused.
Symfony\Component\DependencyInjection\Compiler\RemoveUnusedDefinitionsPass: Removed service "Zephir\Parser\Manager"; reason: unused.
Symfony\Component\DependencyInjection\Compiler\RemoveUnusedDefinitionsPass: Removed service "Zephir\Parser\Parser"; reason: unused.
Symfony\Component\DependencyInjection\Compiler\RemoveUnusedDefinitionsPass: Removed service "Zephir\Passes\LocalContextPass"; reason: unused.
Symfony\Component\DependencyInjection\Compiler\RemoveUnusedDefinitionsPass: Removed service "Zephir\Passes\LoopBreakPass"; reason: unused.
Symfony\Component\DependencyInjection\Compiler\RemoveUnusedDefinitionsPass: Removed service "Zephir\Passes\MutateGathererPass"; reason: unused.
Symfony\Component\DependencyInjection\Compiler\RemoveUnusedDefinitionsPass: Removed service "Zephir\Passes\SkipVariantInit"; reason: unused.
Symfony\Component\DependencyInjection\Compiler\RemoveUnusedDefinitionsPass: Removed service "Zephir\Passes\StaticTypeInference"; reason: unused.
Symfony\Component\DependencyInjection\Compiler\RemoveUnusedDefinitionsPass: Removed service "Zephir\Statements\BreakStatement"; reason: unused.
Symfony\Component\DependencyInjection\Compiler\RemoveUnusedDefinitionsPass: Removed service "Zephir\Statements\ContinueStatement"; reason: unused.
Symfony\Component\DependencyInjection\Compiler\RemoveUnusedDefinitionsPass: Removed service "Zephir\Statements\DeclareStatement"; reason: unused.
Symfony\Component\DependencyInjection\Compiler\RemoveUnusedDefinitionsPass: Removed service "Zephir\Statements\DoWhileStatement"; reason: unused.
Symfony\Component\DependencyInjection\Compiler\RemoveUnusedDefinitionsPass: Removed service "Zephir\Statements\EchoStatement"; reason: unused.
Symfony\Component\DependencyInjection\Compiler\RemoveUnusedDefinitionsPass: Removed service "Zephir\Statements\ForStatement"; reason: unused.
Symfony\Component\DependencyInjection\Compiler\RemoveUnusedDefinitionsPass: Removed service "Zephir\Statements\IfStatement"; reason: unused.
Symfony\Component\DependencyInjection\Compiler\RemoveUnusedDefinitionsPass: Removed service "Zephir\Statements\Let\ArrayIndex"; reason: unused.
Symfony\Component\DependencyInjection\Compiler\RemoveUnusedDefinitionsPass: Removed service "Zephir\Statements\Let\ArrayIndexAppend"; reason: unused.
Symfony\Component\DependencyInjection\Compiler\RemoveUnusedDefinitionsPass: Removed service "Zephir\Statements\Let\Decr"; reason: unused.
Symfony\Component\DependencyInjection\Compiler\RemoveUnusedDefinitionsPass: Removed service "Zephir\Statements\Let\ExportSymbol"; reason: unused.
Symfony\Component\DependencyInjection\Compiler\RemoveUnusedDefinitionsPass: Removed service "Zephir\Statements\Let\ExportSymbolString"; reason: unused.
Symfony\Component\DependencyInjection\Compiler\RemoveUnusedDefinitionsPass: Removed service "Zephir\Statements\Let\Incr"; reason: unused.
Symfony\Component\DependencyInjection\Compiler\RemoveUnusedDefinitionsPass: Removed service "Zephir\Statements\Let\ObjectDynamicProperty"; reason: unused.
Symfony\Component\DependencyInjection\Compiler\RemoveUnusedDefinitionsPass: Removed service "Zephir\Statements\Let\ObjectDynamicStringProperty"; reason: unused.
Symfony\Component\DependencyInjection\Compiler\RemoveUnusedDefinitionsPass: Removed service "Zephir\Statements\Let\ObjectProperty"; reason: unused.
Symfony\Component\DependencyInjection\Compiler\RemoveUnusedDefinitionsPass: Removed service "Zephir\Statements\Let\ObjectPropertyAppend"; reason: unused.
Symfony\Component\DependencyInjection\Compiler\RemoveUnusedDefinitionsPass: Removed service "Zephir\Statements\Let\ObjectPropertyArrayIndex"; reason: unused.
Symfony\Component\DependencyInjection\Compiler\RemoveUnusedDefinitionsPass: Removed service "Zephir\Statements\Let\ObjectPropertyArrayIndexAppend"; reason: unused.
Symfony\Component\DependencyInjection\Compiler\RemoveUnusedDefinitionsPass: Removed service "Zephir\Statements\Let\ObjectPropertyDecr"; reason: unused.
Symfony\Component\DependencyInjection\Compiler\RemoveUnusedDefinitionsPass: Removed service "Zephir\Statements\Let\ObjectPropertyIncr"; reason: unused.
Symfony\Component\DependencyInjection\Compiler\RemoveUnusedDefinitionsPass: Removed service "Zephir\Statements\Let\StaticProperty"; reason: unused.
Symfony\Component\DependencyInjection\Compiler\RemoveUnusedDefinitionsPass: Removed service "Zephir\Statements\Let\StaticPropertyAppend"; reason: unused.
Symfony\Component\DependencyInjection\Compiler\RemoveUnusedDefinitionsPass: Removed service "Zephir\Statements\Let\StaticPropertyArrayIndex"; reason: unused.
Symfony\Component\DependencyInjection\Compiler\RemoveUnusedDefinitionsPass: Removed service "Zephir\Statements\Let\StaticPropertyArrayIndexAppend"; reason: unused.
Symfony\Component\DependencyInjection\Compiler\RemoveUnusedDefinitionsPass: Removed service "Zephir\Statements\Let\Variable"; reason: unused.
Symfony\Component\DependencyInjection\Compiler\RemoveUnusedDefinitionsPass: Removed service "Zephir\Statements\Let\VariableAppend"; reason: unused.
Symfony\Component\DependencyInjection\Compiler\RemoveUnusedDefinitionsPass: Removed service "Zephir\Statements\LetStatement"; reason: unused.
Symfony\Component\DependencyInjection\Compiler\RemoveUnusedDefinitionsPass: Removed service "Zephir\Statements\LoopStatement"; reason: unused.
Symfony\Component\DependencyInjection\Compiler\RemoveUnusedDefinitionsPass: Removed service "Zephir\Statements\RequireStatement"; reason: unused.
Symfony\Component\DependencyInjection\Compiler\RemoveUnusedDefinitionsPass: Removed service "Zephir\Statements\ReturnStatement"; reason: unused.
Symfony\Component\DependencyInjection\Compiler\RemoveUnusedDefinitionsPass: Removed service "Zephir\Statements\SwitchStatement"; reason: unused.
Symfony\Component\DependencyInjection\Compiler\RemoveUnusedDefinitionsPass: Removed service "Zephir\Statements\ThrowStatement"; reason: unused.
Symfony\Component\DependencyInjection\Compiler\RemoveUnusedDefinitionsPass: Removed service "Zephir\Statements\TryCatchStatement"; reason: unused.
Symfony\Component\DependencyInjection\Compiler\RemoveUnusedDefinitionsPass: Removed service "Zephir\Statements\UnsetStatement"; reason: unused.
Symfony\Component\DependencyInjection\Compiler\RemoveUnusedDefinitionsPass: Removed service "Zephir\Statements\WhileStatement"; reason: unused.
Symfony\Component\DependencyInjection\Compiler\RemoveUnusedDefinitionsPass: Removed service "Zephir\StatementsBlock"; reason: unused.
Symfony\Component\DependencyInjection\Compiler\RemoveUnusedDefinitionsPass: Removed service "Zephir\StaticCall"; reason: unused.
Symfony\Component\DependencyInjection\Compiler\RemoveUnusedDefinitionsPass: Removed service "Zephir\Stubs\DocBlock"; reason: unused.
Symfony\Component\DependencyInjection\Compiler\RemoveUnusedDefinitionsPass: Removed service "Zephir\Stubs\Generator"; reason: unused.
Symfony\Component\DependencyInjection\Compiler\RemoveUnusedDefinitionsPass: Removed service "Zephir\Stubs\MethodDocBlock"; reason: unused.
Symfony\Component\DependencyInjection\Compiler\RemoveUnusedDefinitionsPass: Removed service "Zephir\SymbolTable"; reason: unused.
Symfony\Component\DependencyInjection\Compiler\RemoveUnusedDefinitionsPass: Removed service "Zephir\Types"; reason: unused.
Symfony\Component\DependencyInjection\Compiler\RemoveUnusedDefinitionsPass: Removed service "Zephir\Types\ArrayType"; reason: unused.
Symfony\Component\DependencyInjection\Compiler\RemoveUnusedDefinitionsPass: Removed service "Zephir\Types\CharType"; reason: unused.
Symfony\Component\DependencyInjection\Compiler\RemoveUnusedDefinitionsPass: Removed service "Zephir\Types\DoubleType"; reason: unused.
Symfony\Component\DependencyInjection\Compiler\RemoveUnusedDefinitionsPass: Removed service "Zephir\Types\IntType"; reason: unused.
Symfony\Component\DependencyInjection\Compiler\RemoveUnusedDefinitionsPass: Removed service "Zephir\Types\IstringType"; reason: unused.
Symfony\Component\DependencyInjection\Compiler\RemoveUnusedDefinitionsPass: Removed service "Zephir\Types\StringType"; reason: unused.
Symfony\Component\DependencyInjection\Compiler\RemoveUnusedDefinitionsPass: Removed service "Zephir\Variable"; reason: unused.
Symfony\Component\DependencyInjection\Compiler\RemoveUnusedDefinitionsPass: Removed service "Zephir\Variable\Globals"; reason: unused.
Symfony\Component\DependencyInjection\Compiler\RemoveUnusedDefinitionsPass: Removed service "Zephir\Zephir"; reason: unused.
Symfony\Component\DependencyInjection\Compiler\RemoveUnusedDefinitionsPass: Removed service "monolog.formatter.chrome_php"; reason: unused.
Symfony\Component\DependencyInjection\Compiler\RemoveUnusedDefinitionsPass: Removed service "monolog.formatter.gelf_message"; reason: unused.
Symfony\Component\DependencyInjection\Compiler\RemoveUnusedDefinitionsPass: Removed service "monolog.formatter.html"; reason: unused.
Symfony\Component\DependencyInjection\Compiler\RemoveUnusedDefinitionsPass: Removed service "monolog.formatter.json"; reason: unused.
Symfony\Component\DependencyInjection\Compiler\RemoveUnusedDefinitionsPass: Removed service "monolog.formatter.line"; reason: unused.
Symfony\Component\DependencyInjection\Compiler\RemoveUnusedDefinitionsPass: Removed service "monolog.formatter.loggly"; reason: unused.
Symfony\Component\DependencyInjection\Compiler\RemoveUnusedDefinitionsPass: Removed service "monolog.formatter.normalizer"; reason: unused.
Symfony\Component\DependencyInjection\Compiler\RemoveUnusedDefinitionsPass: Removed service "monolog.formatter.scalar"; reason: unused.
Symfony\Component\DependencyInjection\Compiler\RemoveUnusedDefinitionsPass: Removed service "monolog.formatter.wildfire"; reason: unused.
Symfony\Component\DependencyInjection\Compiler\RemoveUnusedDefinitionsPass: Removed service "monolog.formatter.logstash"; reason: unused.
Symfony\Component\DependencyInjection\Compiler\RemoveUnusedDefinitionsPass: Removed service "oneup_flysystem.compiler_adapter_adapter"; reason: unused.
Symfony\Component\DependencyInjection\Compiler\InlineServiceDefinitionsPass: Inlined service "Zephir\CompilationContext" to "Zephir\Passes\CallGathererPass".
Symfony\Component\DependencyInjection\Compiler\RemoveUnusedDefinitionsPass: Removed service "Zephir\AliasManager"; reason: unused.
Symfony\Component\DependencyInjection\Compiler\RemoveUnusedDefinitionsPass: Removed service "Zephir\ClassDefinition"; reason: unused.
Symfony\Component\DependencyInjection\Compiler\RemoveUnusedDefinitionsPass: Removed service "Zephir\ClassMethod"; reason: unused.
Symfony\Component\DependencyInjection\Compiler\RemoveUnusedDefinitionsPass: Removed service "Zephir\CompilationContext"; reason: unused.
Symfony\Component\DependencyInjection\Compiler\RemoveUnusedDefinitionsPass: Removed service "Zephir\Expression\Builder\BuilderFactory"; reason: unused.
Symfony\Component\DependencyInjection\Compiler\RemoveUnusedDefinitionsPass: Removed service "Zephir\Passes\CallGathererPass"; reason: unused.